RUN	Monohilo10		monohilo10	1494343798233	 	2.0
USER	RecordedSimulation	1	START	1494343799254	1494343799254
USER	RecordedSimulation	2	START	1494343799303	1494343799303
USER	RecordedSimulation	3	START	1494343799309	1494343799309
USER	RecordedSimulation	4	START	1494343799322	1494343799322
USER	RecordedSimulation	5	START	1494343799324	1494343799324
USER	RecordedSimulation	6	START	1494343799328	1494343799328
USER	RecordedSimulation	7	START	1494343799332	1494343799332
USER	RecordedSimulation	8	START	1494343799333	1494343799333
USER	RecordedSimulation	9	START	1494343799334	1494343799334
USER	RecordedSimulation	10	START	1494343799334	1494343799334
REQUEST	RecordedSimulation	7		request_0	1494343799332	1494343799390	OK	 
REQUEST	RecordedSimulation	1		request_0	1494343799295	1494343799388	OK	 
REQUEST	RecordedSimulation	8		request_0	1494343799333	1494343799372	OK	 
REQUEST	RecordedSimulation	2		request_0	1494343799303	1494343799377	OK	 
REQUEST	RecordedSimulation	4		request_0	1494343799323	1494343799383	OK	 
REQUEST	RecordedSimulation	5		request_0	1494343799324	1494343799397	OK	 
REQUEST	RecordedSimulation	3		request_0	1494343799310	1494343799383	OK	 
REQUEST	RecordedSimulation	6		request_0	1494343799328	1494343799389	OK	 
REQUEST	RecordedSimulation	9		request_0	1494343799334	1494343799532	OK	 
REQUEST	RecordedSimulation	10		request_0	1494343799335	1494343799515	OK	 
REQUEST	RecordedSimulation	3		request_1	1494343799521	1494343799830	OK	 
REQUEST	RecordedSimulation	7		request_1	1494343799543	1494343799831	OK	 
REQUEST	RecordedSimulation	8		request_1	1494343799539	1494343799824	OK	 
REQUEST	RecordedSimulation	4		request_1	1494343799539	1494343799855	OK	 
REQUEST	RecordedSimulation	10		request_1	1494343799544	1494343799844	OK	 
REQUEST	RecordedSimulation	6		request_1	1494343799542	1494343799897	OK	 
REQUEST	RecordedSimulation	9		bootstrap.min.css	1494343799541	1494343799900	OK	 
REQUEST	RecordedSimulation	6		bootstrap.min.css	1494343799528	1494343799914	OK	 
REQUEST	RecordedSimulation	2		bootstrap.min.css	1494343799525	1494343799901	OK	 
REQUEST	RecordedSimulation	3		bootstrap.min.css	1494343799516	1494343799898	OK	 
REQUEST	RecordedSimulation	5		bootstrap.min.css	1494343799516	1494343799922	OK	 
REQUEST	RecordedSimulation	1		request_1	1494343799540	1494343799929	OK	 
REQUEST	RecordedSimulation	1		bootstrap.min.css	1494343799516	1494343799903	OK	 
REQUEST	RecordedSimulation	4		bootstrap.min.css	1494343799516	1494343799910	OK	 
REQUEST	RecordedSimulation	10		bootstrap.min.css	1494343799543	1494343799890	OK	 
REQUEST	RecordedSimulation	9		request_1	1494343799541	1494343799938	OK	 
REQUEST	RecordedSimulation	8		bootstrap.min.css	1494343799515	1494343799948	OK	 
REQUEST	RecordedSimulation	2		request_1	1494343799542	1494343799951	OK	 
REQUEST	RecordedSimulation	7		bootstrap.min.css	1494343799532	1494343799946	OK	 
REQUEST	RecordedSimulation	5		request_1	1494343799539	1494343799970	OK	 
REQUEST	RecordedSimulation	9		request_2	1494343805002	1494343805131	OK	 
REQUEST	RecordedSimulation	10		request_2	1494343804997	1494343805131	OK	 
REQUEST	RecordedSimulation	4		request_2	1494343804997	1494343805135	OK	 
REQUEST	RecordedSimulation	5		request_2	1494343804997	1494343805139	OK	 
REQUEST	RecordedSimulation	6		request_2	1494343804998	1494343805139	OK	 
REQUEST	RecordedSimulation	8		request_2	1494343804997	1494343805139	OK	 
REQUEST	RecordedSimulation	7		request_2	1494343805003	1494343805140	OK	 
REQUEST	RecordedSimulation	3		request_2	1494343804998	1494343805144	OK	 
REQUEST	RecordedSimulation	2		request_2	1494343804997	1494343805149	OK	 
REQUEST	RecordedSimulation	1		request_2	1494343804997	1494343805149	OK	 
REQUEST	RecordedSimulation	9		request_3	1494343807142	1494343808419	OK	 
REQUEST	RecordedSimulation	3		request_3	1494343807152	1494343808445	OK	 
REQUEST	RecordedSimulation	6		request_3	1494343807152	1494343808447	OK	 
REQUEST	RecordedSimulation	7		request_3	1494343807151	1494343808448	OK	 
REQUEST	RecordedSimulation	5		request_3	1494343807151	1494343808449	OK	 
REQUEST	RecordedSimulation	8		request_3	1494343807152	1494343808451	OK	 
REQUEST	RecordedSimulation	10		request_3	1494343807152	1494343808453	OK	 
REQUEST	RecordedSimulation	1		request_3	1494343807162	1494343808454	OK	 
REQUEST	RecordedSimulation	4		request_3	1494343807152	1494343808451	OK	 
REQUEST	RecordedSimulation	2		request_3	1494343807152	1494343808472	OK	 
REQUEST	RecordedSimulation	10		request_4	1494343813461	1494343817197	OK	 
REQUEST	RecordedSimulation	1		request_4	1494343813453	1494343817197	OK	 
REQUEST	RecordedSimulation	4		request_4	1494343813463	1494343817229	OK	 
REQUEST	RecordedSimulation	5		request_4	1494343813452	1494343817237	OK	 
REQUEST	RecordedSimulation	9		request_4	1494343813432	1494343817328	OK	 
REQUEST	RecordedSimulation	2		request_4	1494343813481	1494343817431	OK	 
REQUEST	RecordedSimulation	7		request_4	1494343813453	1494343817542	OK	 
REQUEST	RecordedSimulation	3		request_4	1494343813462	1494343817574	OK	 
REQUEST	RecordedSimulation	8		request_4	1494343813463	1494343817635	OK	 
REQUEST	RecordedSimulation	6		request_4	1494343813452	1494343817670	OK	 
REQUEST	RecordedSimulation	10		request_5	1494343821202	1494343821266	OK	 
REQUEST	RecordedSimulation	1		request_5	1494343821212	1494343821275	OK	 
REQUEST	RecordedSimulation	4		request_5	1494343821232	1494343821295	OK	 
REQUEST	RecordedSimulation	5		request_5	1494343821242	1494343821305	OK	 
REQUEST	RecordedSimulation	9		request_5	1494343821322	1494343821355	OK	 
REQUEST	RecordedSimulation	2		request_5	1494343821442	1494343821476	OK	 
REQUEST	RecordedSimulation	7		request_5	1494343821542	1494343821575	OK	 
REQUEST	RecordedSimulation	3		request_5	1494343821582	1494343821616	OK	 
REQUEST	RecordedSimulation	8		request_5	1494343821632	1494343821664	OK	 
REQUEST	RecordedSimulation	6		request_5	1494343821682	1494343821715	OK	 
REQUEST	RecordedSimulation	10		request_6	1494343822272	1494343823484	OK	 
REQUEST	RecordedSimulation	1		request_6	1494343822272	1494343823490	OK	 
REQUEST	RecordedSimulation	4		request_6	1494343822291	1494343823506	OK	 
REQUEST	RecordedSimulation	5		request_6	1494343822301	1494343823512	OK	 
REQUEST	RecordedSimulation	9		request_6	1494343822362	1494343823604	OK	 
REQUEST	RecordedSimulation	2		request_6	1494343822472	1494343823747	OK	 
REQUEST	RecordedSimulation	7		request_6	1494343822582	1494343823825	OK	 
REQUEST	RecordedSimulation	3		request_6	1494343822611	1494343823854	OK	 
REQUEST	RecordedSimulation	8		request_6	1494343822672	1494343823919	OK	 
REQUEST	RecordedSimulation	6		request_6	1494343822711	1494343823955	OK	 
REQUEST	RecordedSimulation	10		request_7	1494343824482	1494343824484	OK	 
REQUEST	RecordedSimulation	1		request_7	1494343824502	1494343824504	OK	 
REQUEST	RecordedSimulation	4		request_7	1494343824512	1494343824516	OK	 
REQUEST	RecordedSimulation	5		request_7	1494343824521	1494343824523	OK	 
REQUEST	RecordedSimulation	9		request_7	1494343824612	1494343824615	OK	 
REQUEST	RecordedSimulation	2		request_7	1494343824741	1494343824743	OK	 
REQUEST	RecordedSimulation	7		request_7	1494343824822	1494343824824	OK	 
REQUEST	RecordedSimulation	3		request_7	1494343824861	1494343824864	OK	 
REQUEST	RecordedSimulation	8		request_7	1494343824911	1494343824913	OK	 
REQUEST	RecordedSimulation	6		request_7	1494343824952	1494343824954	OK	 
REQUEST	RecordedSimulation	10		request_8	1494343832491	1494343832493	OK	 
REQUEST	RecordedSimulation	1		request_8	1494343832501	1494343832503	OK	 
REQUEST	RecordedSimulation	4		request_8	1494343832511	1494343832514	OK	 
REQUEST	RecordedSimulation	5		request_8	1494343832521	1494343832523	OK	 
REQUEST	RecordedSimulation	9		request_8	1494343832611	1494343832613	OK	 
REQUEST	RecordedSimulation	2		request_8	1494343832752	1494343832753	OK	 
REQUEST	RecordedSimulation	7		request_8	1494343832822	1494343832824	OK	 
REQUEST	RecordedSimulation	3		request_8	1494343832871	1494343832873	OK	 
REQUEST	RecordedSimulation	8		request_8	1494343832922	1494343832923	OK	 
REQUEST	RecordedSimulation	6		request_8	1494343832981	1494343832983	OK	 
REQUEST	RecordedSimulation	10		request_9	1494343833492	1494343833494	OK	 
REQUEST	RecordedSimulation	1		request_9	1494343833502	1494343833504	OK	 
REQUEST	RecordedSimulation	4		request_9	1494343833522	1494343833524	OK	 
REQUEST	RecordedSimulation	5		request_9	1494343833531	1494343833533	OK	 
REQUEST	RecordedSimulation	9		request_9	1494343833621	1494343833623	OK	 
REQUEST	RecordedSimulation	2		request_9	1494343833751	1494343833753	OK	 
REQUEST	RecordedSimulation	7		request_9	1494343833831	1494343833833	OK	 
REQUEST	RecordedSimulation	3		request_9	1494343833872	1494343833873	OK	 
REQUEST	RecordedSimulation	8		request_9	1494343833931	1494343833933	OK	 
REQUEST	RecordedSimulation	6		request_9	1494343833992	1494343833993	OK	 
REQUEST	RecordedSimulation	10		request_10	1494343835492	1494343835493	OK	 
USER	RecordedSimulation	10	END	1494343799334	1494343835497
REQUEST	RecordedSimulation	1		request_10	1494343835502	1494343835504	OK	 
USER	RecordedSimulation	1	END	1494343799254	1494343835505
REQUEST	RecordedSimulation	4		request_10	1494343835522	1494343835525	OK	 
USER	RecordedSimulation	4	END	1494343799322	1494343835527
REQUEST	RecordedSimulation	5		request_10	1494343835531	1494343835533	OK	 
USER	RecordedSimulation	5	END	1494343799324	1494343835535
REQUEST	RecordedSimulation	9		request_10	1494343835622	1494343835624	OK	 
USER	RecordedSimulation	9	END	1494343799334	1494343835625
REQUEST	RecordedSimulation	2		request_10	1494343835761	1494343835763	OK	 
USER	RecordedSimulation	2	END	1494343799303	1494343835765
REQUEST	RecordedSimulation	7		request_10	1494343835832	1494343835834	OK	 
USER	RecordedSimulation	7	END	1494343799332	1494343835836
REQUEST	RecordedSimulation	3		request_10	1494343835871	1494343835873	OK	 
USER	RecordedSimulation	3	END	1494343799309	1494343835875
REQUEST	RecordedSimulation	8		request_10	1494343835932	1494343835934	OK	 
USER	RecordedSimulation	8	END	1494343799333	1494343835936
REQUEST	RecordedSimulation	6		request_10	1494343835991	1494343835993	OK	 
USER	RecordedSimulation	6	END	1494343799328	1494343835994
